CLIENT - 2020-10-11 16:12:11,425 - ENVIADO | TIPO: 1 | TAMANHO: 14
CLIENT - 2020-10-11 16:12:11,671 - RECEBIDO | TIPO: 2 | TAMANHO: 14
CLIENT - 2020-10-11 16:12:11,695 - ENVIADO HEAD| TIPO: 3 | TAMANHO: 10 | PACOTE: 1 | TOTAL PACOTES: 6 | CRC: b'\xc0z'
CLIENT - 2020-10-11 16:12:12,199 - ENVIADO PAYLOAD | TIPO: 3 | TAMANHO: 114
CLIENT - 2020-10-11 16:12:12,706 - ENVIADO EOP | TIPO: 3 | TAMANHO: 4
CLIENT - 2020-10-11 16:12:13,367 - RECEBIDO | TIPO: 4 | TAMANHO: 14 | ULTIMO PACOTE RECEBIDO PELO SERVIDOR COM SUCESSO: 1
CLIENT - 2020-10-11 16:12:13,444 - ENVIADO HEAD| TIPO: 3 | TAMANHO: 10 | PACOTE: 2 | TOTAL PACOTES: 6 | CRC: b'\xc1%'
CLIENT - 2020-10-11 16:12:13,950 - ENVIADO PAYLOAD | TIPO: 3 | TAMANHO: 114
CLIENT - 2020-10-11 16:12:14,463 - ENVIADO EOP | TIPO: 3 | TAMANHO: 4
CLIENT - 2020-10-11 16:12:15,962 - RECEBIDO | TIPO: 4 | TAMANHO: 14 | ULTIMO PACOTE RECEBIDO PELO SERVIDOR COM SUCESSO: 2
CLIENT - 2020-10-11 16:12:15,980 - ENVIADO HEAD| TIPO: 3 | TAMANHO: 10 | PACOTE: 3 | TOTAL PACOTES: 6 | CRC: b't\xcf'
CLIENT - 2020-10-11 16:12:16,487 - ENVIADO PAYLOAD | TIPO: 3 | TAMANHO: 114
CLIENT - 2020-10-11 16:12:16,992 - ENVIADO EOP | TIPO: 3 | TAMANHO: 4
CLIENT - 2020-10-11 16:12:18,585 - RECEBIDO | TIPO: 6 | TAMANHO: 14
CLIENT - 2020-10-11 16:12:18,654 - ENVIADO HEAD| TIPO: 3 | TAMANHO: 10 | PACOTE: 3 | TOTAL PACOTES: 6 | CRC: b't\xcf'
CLIENT - 2020-10-11 16:12:19,160 - ENVIADO PAYLOAD | TIPO: 3 | TAMANHO: 114
CLIENT - 2020-10-11 16:12:19,667 - ENVIADO EOP | TIPO: 3 | TAMANHO: 4
CLIENT - 2020-10-11 16:12:21,155 - RECEBIDO | TIPO: 4 | TAMANHO: 14 | ULTIMO PACOTE RECEBIDO PELO SERVIDOR COM SUCESSO: 3
CLIENT - 2020-10-11 16:12:21,218 - ENVIADO HEAD| TIPO: 3 | TAMANHO: 10 | PACOTE: 4 | TOTAL PACOTES: 6 | CRC: b'fd'
CLIENT - 2020-10-11 16:12:21,724 - ENVIADO PAYLOAD | TIPO: 3 | TAMANHO: 114
CLIENT - 2020-10-11 16:12:22,231 - ENVIADO EOP | TIPO: 3 | TAMANHO: 4
CLIENT - 2020-10-11 16:12:23,712 - RECEBIDO | TIPO: 4 | TAMANHO: 14 | ULTIMO PACOTE RECEBIDO PELO SERVIDOR COM SUCESSO: 4
CLIENT - 2020-10-11 16:12:23,712 - ENVIADO HEAD| TIPO: 3 | TAMANHO: 10 | PACOTE: 5 | TOTAL PACOTES: 6 | CRC: b'9\x8c'
CLIENT - 2020-10-11 16:12:24,215 - ENVIADO PAYLOAD | TIPO: 3 | TAMANHO: 114
CLIENT - 2020-10-11 16:12:24,727 - ENVIADO EOP | TIPO: 3 | TAMANHO: 4
CLIENT - 2020-10-11 16:12:26,326 - RECEBIDO | TIPO: 4 | TAMANHO: 14 | ULTIMO PACOTE RECEBIDO PELO SERVIDOR COM SUCESSO: 5
CLIENT - 2020-10-11 16:12:26,332 - ENVIADO HEAD| TIPO: 3 | TAMANHO: 10 | PACOTE: 6 | TOTAL PACOTES: 6 | CRC: b'\xed\xfe'
CLIENT - 2020-10-11 16:12:26,838 - ENVIADO PAYLOAD | TIPO: 3 | TAMANHO: 55
CLIENT - 2020-10-11 16:12:27,345 - ENVIADO EOP | TIPO: 3 | TAMANHO: 4
CLIENT - 2020-10-11 16:12:28,882 - RECEBIDO | TIPO: 4 | TAMANHO: 14 | ULTIMO PACOTE RECEBIDO PELO SERVIDOR COM SUCESSO: 6
