CLIENT - 2020-10-11 16:17:06,956 - ENVIADO | TIPO: 1 | TAMANHO: 14
CLIENT - 2020-10-11 16:17:07,192 - RECEBIDO | TIPO: 2 | TAMANHO: 14
CLIENT - 2020-10-11 16:17:07,210 - ENVIADO HEAD| TIPO: 3 | TAMANHO: 10 | PACOTE: 1 | TOTAL PACOTES: 6 | CRC: b'\xc0z'
CLIENT - 2020-10-11 16:17:07,713 - ENVIADO PAYLOAD | TIPO: 3 | TAMANHO: 114
CLIENT - 2020-10-11 16:17:08,219 - ENVIADO EOP | TIPO: 3 | TAMANHO: 4
CLIENT - 2020-10-11 16:17:09,037 - RECEBIDO | TIPO: 4 | TAMANHO: 14 | ULTIMO PACOTE RECEBIDO PELO SERVIDOR COM SUCESSO: 1
CLIENT - 2020-10-11 16:17:09,067 - ENVIADO HEAD| TIPO: 3 | TAMANHO: 10 | PACOTE: 2 | TOTAL PACOTES: 6 | CRC: b'\xc1%'
CLIENT - 2020-10-11 16:17:09,574 - ENVIADO PAYLOAD | TIPO: 3 | TAMANHO: 114
CLIENT - 2020-10-11 16:17:10,102 - ENVIADO EOP | TIPO: 3 | TAMANHO: 4
CLIENT - 2020-10-11 16:17:11,467 - RECEBIDO | TIPO: 4 | TAMANHO: 14 | ULTIMO PACOTE RECEBIDO PELO SERVIDOR COM SUCESSO: 2
CLIENT - 2020-10-11 16:17:11,507 - ENVIADO HEAD| TIPO: 3 | TAMANHO: 10 | PACOTE: 3 | TOTAL PACOTES: 6 | CRC: b't\xcf'
CLIENT - 2020-10-11 16:17:12,013 - ENVIADO PAYLOAD | TIPO: 3 | TAMANHO: 114
CLIENT - 2020-10-11 16:17:12,519 - ENVIADO EOP | TIPO: 3 | TAMANHO: 4
CLIENT - 2020-10-11 16:17:14,243 - RECEBIDO | TIPO: 4 | TAMANHO: 14 | ULTIMO PACOTE RECEBIDO PELO SERVIDOR COM SUCESSO: 3
CLIENT - 2020-10-11 16:17:14,300 - ENVIADO HEAD| TIPO: 3 | TAMANHO: 10 | PACOTE: 4 | TOTAL PACOTES: 6 | CRC: b'fd'
CLIENT - 2020-10-11 16:17:14,800 - ENVIADO PAYLOAD | TIPO: 3 | TAMANHO: 114
CLIENT - 2020-10-11 16:17:15,302 - ENVIADO EOP | TIPO: 3 | TAMANHO: 4
CLIENT - 2020-10-11 16:17:16,782 - RECEBIDO | TIPO: 4 | TAMANHO: 14 | ULTIMO PACOTE RECEBIDO PELO SERVIDOR COM SUCESSO: 4
CLIENT - 2020-10-11 16:17:16,818 - ENVIADO HEAD| TIPO: 3 | TAMANHO: 10 | PACOTE: 5 | TOTAL PACOTES: 6 | CRC: b'9\x8c'
CLIENT - 2020-10-11 16:17:17,325 - ENVIADO PAYLOAD | TIPO: 3 | TAMANHO: 114
CLIENT - 2020-10-11 16:17:17,831 - ENVIADO EOP | TIPO: 3 | TAMANHO: 4
CLIENT - 2020-10-11 16:17:19,401 - RECEBIDO | TIPO: 4 | TAMANHO: 14 | ULTIMO PACOTE RECEBIDO PELO SERVIDOR COM SUCESSO: 5
CLIENT - 2020-10-11 16:17:19,437 - ENVIADO HEAD| TIPO: 3 | TAMANHO: 10 | PACOTE: 6 | TOTAL PACOTES: 6 | CRC: b'\xed\xfe'
CLIENT - 2020-10-11 16:17:19,943 - ENVIADO PAYLOAD | TIPO: 3 | TAMANHO: 55
CLIENT - 2020-10-11 16:17:20,450 - ENVIADO EOP | TIPO: 3 | TAMANHO: 4
CLIENT - 2020-10-11 16:17:22,052 - RECEBIDO | TIPO: 4 | TAMANHO: 14 | ULTIMO PACOTE RECEBIDO PELO SERVIDOR COM SUCESSO: 6
